
> raffles@0.1.0 build
> next build

   ▲ Next.js 16.0.2 (Turbopack)
   - Experiments (use with caution):
     · optimizePackageImports

   Creating an optimized production build ...
 ✓ Compiled successfully in 9.2s
   Running TypeScript ...
Failed to compile.

./app/page.tsx:255:21
Type error: Type '{ children: Element[]; gradient: true; className: string; }' is not assignable to type 'IntrinsicAttributes & HTMLAttributes<HTMLDivElement> & RefAttributes<HTMLDivElement>'.
  Property 'gradient' does not exist on type 'IntrinsicAttributes & HTMLAttributes<HTMLDivElement> & RefAttributes<HTMLDivElement>'.

[0m [90m 253 |[39m
 [90m 254 |[39m             [33m<[39m[33mdiv[39m className[33m=[39m[32m"grid grid-cols-1 md:grid-cols-3 gap-6 md:gap-8"[39m[33m>[39m
[31m[1m>[22m[39m[90m 255 |[39m               [33m<[39m[33mCard[39m gradient className[33m=[39m[32m"text-center p-8 md:p-10 animate-slide-up"[39m[33m>[39m
 [90m     |[39m                     [31m[1m^[22m[39m
 [90m 256 |[39m                 [33m<[39m[33mdiv[39m className[33m=[39m[32m"w-16 h-16 md:w-20 md:h-20 bg-gradient-to-br from-blue-500 to-blue-600 rounded-2xl flex items-center justify-center text-3xl md:text-4xl mx-auto mb-6 shadow-lg shadow-blue-500/30 group-hover:scale-110 transition-transform duration-300"[39m[33m>[39m
 [90m 257 |[39m                   🔒
 [90m 258 |[39m                 [33m<[39m[33m/[39m[33mdiv[39m[33m>[39m[0m
Next.js build worker exited with code: 1 and signal: null
